Arguments: 
  /home/fchoi/.nvm/versions/node/v17.0.0/bin/node /home/fchoi/.nvm/versions/node/v17.0.0/bin/yarn build

PATH: 
  /home/fchoi/.yarn/bin:/home/fchoi/.vscode-server/bin/ccbaa2d27e38e5afa3e5c21c1c7bef4657064247/bin:/home/fchoi/bin:/home/fchoi/.nvm/versions/node/v17.0.0/bin:/usr/local/sbin:/usr/local/bin:/usr/sbin:/usr/bin:/sbin:/bin:/usr/games:/usr/local/games:/usr/lib/wsl/lib:/mnt/c/Program Files (x86)/Common Files/Oracle/Java/javapath:/mnt/c/windows/system32:/mnt/c/windows:/mnt/c/windows/System32/Wbem:/mnt/c/windows/System32/WindowsPowerShell/v1.0/:/mnt/c/windows/System32/OpenSSH/:/mnt/c/Program Files/Wolfram Research/WolframScript/:/mnt/c/Program Files/Docker/Docker/resources/bin:/mnt/c/ProgramData/DockerDesktop/version-bin:/mnt/c/Users/fchoi/AppData/Local/Microsoft/WindowsApps:/mnt/c/Users/fchoi/AppData/Local/Programs/Microsoft VS Code/bin:/snap/bin:/home/fchoi/bin:/home/fchoi/android-sdk/cmdline-tools/bin:/home/fchoi/bin:/home/fchoi/android-sdk/cmdline-tools/bin

Yarn version: 
  1.22.17

Node version: 
  17.0.0

Platform: 
  linux x64

Trace: 
  SyntaxError: /home/fchoi/git/react-mini-redux/package.json: Unexpected token } in JSON at position 672
      at JSON.parse (<anonymous>)
      at /home/fchoi/.nvm/versions/node/v17.0.0/lib/node_modules/yarn/lib/cli.js:1625:59
      at Generator.next (<anonymous>)
      at step (/home/fchoi/.nvm/versions/node/v17.0.0/lib/node_modules/yarn/lib/cli.js:310:30)
      at /home/fchoi/.nvm/versions/node/v17.0.0/lib/node_modules/yarn/lib/cli.js:321:13

npm manifest: 
  {
    "name": "@koreanwglasses/react-mini-redux",
    "version": "0.0.1",
    "description": "A package for when Redux is overkill but useReducer is too basic",
    "repository": "git@github.com:koreanwglasses/react-mini-redux.git",
    "author": "koreanwglasses <koreanwglasses@gmail.com>",
    "license": "MIT",
    "main": "lib/index.js",
    "types": "lib/index.d.ts",
    "scripts": {
      "format": "prettier --ignore-path .gitignore -w .",
      "build": "tsc"
    },
    "devDependencies": {
      "prettier": "^2.4.1",
      "tsc": "^2.0.3",
      "typescript": "^4.5.2"
    },
    "dependencies": {
      "react": "^17.0.2",
      "react-dom": "^17.0.2",
      "react-hook-thunk-reducer": "^0.2.4"
    },
  }

yarn manifest: 
  No manifest

Lockfile: 
  # THIS IS AN AUTOGENERATED FILE. DO NOT EDIT THIS FILE DIRECTLY.
  # yarn lockfile v1
  
  
  "js-tokens@^3.0.0 || ^4.0.0":
    version "4.0.0"
    resolved "https://registry.yarnpkg.com/js-tokens/-/js-tokens-4.0.0.tgz#19203fb59991df98e3a287050d4647cdeaf32499"
    integrity sha512-RdJUflcE3cUzKiMqQgsCu06FPu9UdIJO0beYbPhHN4k6apgJtifcoCtT9bcxOpYBtpD2kCM6Sbzg4CausW/PKQ==
  
  loose-envify@^1.1.0:
    version "1.4.0"
    resolved "https://registry.yarnpkg.com/loose-envify/-/loose-envify-1.4.0.tgz#71ee51fa7be4caec1a63839f7e682d8132d30caf"
    integrity sha512-lyuxPGr/Wfhrlem2CL/UcnUc1zcqKAImBDzukY7Y5F/yQiNdko6+fRLevlw1HgMySw7f611UIY408EtxRSoK3Q==
    dependencies:
      js-tokens "^3.0.0 || ^4.0.0"
  
  object-assign@^4.1.1:
    version "4.1.1"
    resolved "https://registry.yarnpkg.com/object-assign/-/object-assign-4.1.1.tgz#2109adc7965887cfc05cbbd442cac8bfbb360863"
    integrity sha1-IQmtx5ZYh8/AXLvUQsrIv7s2CGM=
  
  prettier@^2.4.1:
    version "2.4.1"
    resolved "https://registry.yarnpkg.com/prettier/-/prettier-2.4.1.tgz#671e11c89c14a4cfc876ce564106c4a6726c9f5c"
    integrity sha512-9fbDAXSBcc6Bs1mZrDYb3XKzDLm4EXXL9sC1LqKP5rZkT6KRr/rf9amVUcODVXgguK/isJz0d0hP72WeaKWsvA==
  
  react-dom@^17.0.2:
    version "17.0.2"
    resolved "https://registry.yarnpkg.com/react-dom/-/react-dom-17.0.2.tgz#ecffb6845e3ad8dbfcdc498f0d0a939736502c23"
    integrity sha512-s4h96KtLDUQlsENhMn1ar8t2bEa+q/YAtj8pPPdIjPDGBDIVNsrD9aXNWqspUe6AzKCIG0C1HZZLqLV7qpOBGA==
    dependencies:
      loose-envify "^1.1.0"
      object-assign "^4.1.1"
      scheduler "^0.20.2"
  
  react-hook-thunk-reducer@^0.2.4:
    version "0.2.4"
    resolved "https://registry.yarnpkg.com/react-hook-thunk-reducer/-/react-hook-thunk-reducer-0.2.4.tgz#b10bc27157836750e5cbf513bcaf0be02412406c"
    integrity sha512-cuK5GkdhDjSaBrDZMP17bp8YVClrxHf8U39j1OOjCQksi6LgN+M5cRuNfGsEqqn1lvkhl48p2O5X35+BIrf47Q==
  
  react@^17.0.2:
    version "17.0.2"
    resolved "https://registry.yarnpkg.com/react/-/react-17.0.2.tgz#d0b5cc516d29eb3eee383f75b62864cfb6800037"
    integrity sha512-gnhPt75i/dq/z3/6q/0asP78D0u592D5L1pd7M8P+dck6Fu/jJeL6iVVK23fptSUZj8Vjf++7wXA8UNclGQcbA==
    dependencies:
      loose-envify "^1.1.0"
      object-assign "^4.1.1"
  
  scheduler@^0.20.2:
    version "0.20.2"
    resolved "https://registry.yarnpkg.com/scheduler/-/scheduler-0.20.2.tgz#4baee39436e34aa93b4874bddcbf0fe8b8b50e91"
    integrity sha512-2eWfGgAqqWFGqtdMmcL5zCMK1U8KlXv8SQFGglL3CEtd0aDVDWgeF/YoCmvln55m5zSk3J/20hTaSBeSObsQDQ==
    dependencies:
      loose-envify "^1.1.0"
      object-assign "^4.1.1"
  
  tsc@^2.0.3:
    version "2.0.3"
    resolved "https://registry.yarnpkg.com/tsc/-/tsc-2.0.3.tgz#037fe579e3bd67a5cbdaa604b43c6c1991b04bef"
    integrity sha512-SN+9zBUtrpUcOpaUO7GjkEHgWtf22c7FKbKCA4e858eEM7Qz86rRDpgOU2lBIDf0fLCsEg65ms899UMUIB2+Ow==
  
  typescript@^4.5.2:
    version "4.5.2"
    resolved "https://registry.yarnpkg.com/typescript/-/typescript-4.5.2.tgz#8ac1fba9f52256fdb06fb89e4122fa6a346c2998"
    integrity sha512-5BlMof9H1yGt0P8/WF+wPNw6GfctgGjXp5hkblpyT+8rkASSmkUKMXrxR0Xg8ThVCi/JnHQiKXeBaEwCeQwMFw==
